0 info it worked if it ends with ok
1 verbose cli [
1 verbose cli   '/usr/local/bin/node',
1 verbose cli   '/usr/local/bin/npm',
1 verbose cli   'install',
1 verbose cli   '-g',
1 verbose cli   'nodemon'
1 verbose cli ]
2 info using npm@6.14.15
3 info using node@v14.17.6
4 verbose npm-session a89bf730fc7a0d63
5 silly install loadCurrentTree
6 silly install readGlobalPackageData
7 http fetch GET 200 https://registry.npmjs.org/nodemon 290ms
8 http fetch GET 200 https://registry.npmjs.org/nodemon/-/nodemon-2.0.13.tgz 69ms
9 silly pacote tag manifest for nodemon@latest fetched in 380ms
10 timing stage:loadCurrentTree Completed in 394ms
11 silly install loadIdealTree
12 silly install cloneCurrentTreeToIdealTree
13 timing stage:loadIdealTree:cloneCurrentTree Completed in 1ms
14 silly install loadShrinkwrap
15 timing stage:loadIdealTree:loadShrinkwrap Completed in 0ms
16 silly install loadAllDepsIntoIdealTree
17 silly resolveWithNewModule nodemon@2.0.13 checking installable status
18 http fetch GET 200 https://registry.npmjs.org/chokidar 79ms
19 http fetch GET 200 https://registry.npmjs.org/chokidar/-/chokidar-3.5.2.tgz 59ms
20 silly pacote range manifest for chokidar@^3.2.2 fetched in 150ms
21 silly resolveWithNewModule chokidar@3.5.2 checking installable status
22 http fetch GET 200 https://registry.npmjs.org/ignore-by-default 148ms
23 http fetch GET 200 https://registry.npmjs.org/minimatch 154ms
24 http fetch GET 200 https://registry.npmjs.org/ignore-by-default/-/ignore-by-default-1.0.1.tgz 59ms
25 silly pacote range manifest for ignore-by-default@^1.0.1 fetched in 216ms
26 silly resolveWithNewModule ignore-by-default@1.0.1 checking installable status
27 http fetch GET 200 https://registry.npmjs.org/pstree.remy 390ms
28 http fetch GET 200 https://registry.npmjs.org/supports-color 395ms
29 http fetch GET 200 https://registry.npmjs.org/touch 396ms
30 http fetch GET 200 https://registry.npmjs.org/supports-color/-/supports-color-5.5.0.tgz 51ms
31 silly pacote range manifest for supports-color@^5.5.0 fetched in 451ms
32 silly resolveWithNewModule supports-color@5.5.0 checking installable status
33 http fetch GET 200 https://registry.npmjs.org/minimatch/-/minimatch-3.0.4.tgz 403ms
34 http fetch GET 200 https://registry.npmjs.org/undefsafe 553ms
35 http fetch GET 304 https://registry.npmjs.org/debug 566ms (from cache)
36 silly pacote range manifest for minimatch@^3.0.4 fetched in 567ms
37 silly resolveWithNewModule minimatch@3.0.4 checking installable status
38 http fetch GET 200 https://registry.npmjs.org/touch/-/touch-3.1.0.tgz 215ms
39 http fetch GET 200 https://registry.npmjs.org/pstree.remy/-/pstree.remy-1.1.8.tgz 225ms
40 http fetch GET 200 https://registry.npmjs.org/semver 616ms
41 silly pacote range manifest for touch@^3.1.0 fetched in 620ms
42 silly resolveWithNewModule touch@3.1.0 checking installable status
43 silly pacote range manifest for pstree.remy@^1.1.7 fetched in 625ms
44 silly resolveWithNewModule pstree.remy@1.1.8 checking installable status
45 http fetch GET 200 https://registry.npmjs.org/debug/-/debug-3.2.7.tgz 87ms
46 silly pacote range manifest for debug@^3.2.6 fetched in 658ms
47 silly resolveWithNewModule debug@3.2.7 checking installable status
48 http fetch GET 200 https://registry.npmjs.org/semver/-/semver-5.7.1.tgz 55ms
49 silly pacote range manifest for semver@^5.7.1 fetched in 677ms
50 silly resolveWithNewModule semver@5.7.1 checking installable status
51 http fetch GET 200 https://registry.npmjs.org/undefsafe/-/undefsafe-2.0.3.tgz 236ms
52 silly pacote range manifest for undefsafe@^2.0.3 fetched in 793ms
53 silly resolveWithNewModule undefsafe@2.0.3 checking installable status
54 http fetch GET 200 https://registry.npmjs.org/update-notifier 1031ms
55 http fetch GET 200 https://registry.npmjs.org/update-notifier/-/update-notifier-5.1.0.tgz 75ms
56 silly pacote range manifest for update-notifier@^5.1.0 fetched in 1113ms
57 silly resolveWithNewModule update-notifier@5.1.0 checking installable status
58 http fetch GET 200 https://registry.npmjs.org/normalize-path 91ms
59 http fetch GET 200 https://registry.npmjs.org/is-binary-path 94ms
60 http fetch GET 200 https://registry.npmjs.org/braces 95ms
61 http fetch GET 200 https://registry.npmjs.org/is-glob 96ms
62 http fetch GET 200 https://registry.npmjs.org/fsevents 96ms
63 http fetch GET 200 https://registry.npmjs.org/readdirp 97ms
64 http fetch GET 200 https://registry.npmjs.org/glob-parent 102ms
65 http fetch GET 200 https://registry.npmjs.org/anymatch 105ms
66 http fetch GET 200 https://registry.npmjs.org/is-binary-path/-/is-binary-path-2.1.0.tgz 68ms
67 http fetch GET 200 https://registry.npmjs.org/normalize-path/-/normalize-path-3.0.0.tgz 75ms
68 http fetch GET 200 https://registry.npmjs.org/readdirp/-/readdirp-3.6.0.tgz 69ms
69 http fetch GET 200 https://registry.npmjs.org/fsevents/-/fsevents-2.3.2.tgz 70ms
70 http fetch GET 200 https://registry.npmjs.org/braces/-/braces-3.0.2.tgz 73ms
71 http fetch GET 200 https://registry.npmjs.org/is-glob/-/is-glob-4.0.3.tgz 69ms
72 http fetch GET 200 https://registry.npmjs.org/anymatch/-/anymatch-3.1.2.tgz 68ms
73 silly pacote range manifest for is-binary-path@~2.1.0 fetched in 175ms
74 silly resolveWithNewModule is-binary-path@2.1.0 checking installable status
75 http fetch GET 200 https://registry.npmjs.org/glob-parent/-/glob-parent-5.1.2.tgz 72ms
76 silly pacote range manifest for normalize-path@~3.0.0 fetched in 177ms
77 silly resolveWithNewModule normalize-path@3.0.0 checking installable status
78 silly pacote range manifest for fsevents@~2.3.2 fetched in 177ms
79 silly resolveWithNewModule fsevents@2.3.2 checking installable status
80 silly pacote range manifest for readdirp@~3.6.0 fetched in 178ms
81 silly resolveWithNewModule readdirp@3.6.0 checking installable status
82 silly pacote range manifest for braces@~3.0.2 fetched in 179ms
83 silly resolveWithNewModule braces@3.0.2 checking installable status
84 silly pacote range manifest for is-glob@~4.0.1 fetched in 179ms
85 silly resolveWithNewModule is-glob@4.0.3 checking installable status
86 silly pacote range manifest for anymatch@~3.1.2 fetched in 183ms
87 silly resolveWithNewModule anymatch@3.1.2 checking installable status
88 silly pacote range manifest for glob-parent@~5.1.2 fetched in 183ms
89 silly resolveWithNewModule glob-parent@5.1.2 checking installable status
90 http fetch GET 200 https://registry.npmjs.org/picomatch 55ms
91 http fetch GET 200 https://registry.npmjs.org/picomatch/-/picomatch-2.3.0.tgz 62ms
92 silly pacote range manifest for picomatch@^2.0.4 fetched in 125ms
93 silly resolveWithNewModule picomatch@2.3.0 checking installable status
94 http fetch GET 200 https://registry.npmjs.org/fill-range 66ms
95 http fetch GET 200 https://registry.npmjs.org/fill-range/-/fill-range-7.0.1.tgz 44ms
96 silly pacote range manifest for fill-range@^7.0.1 fetched in 115ms
97 silly resolveWithNewModule fill-range@7.0.1 checking installable status
98 http fetch GET 200 https://registry.npmjs.org/to-regex-range 69ms
99 http fetch GET 200 https://registry.npmjs.org/to-regex-range/-/to-regex-range-5.0.1.tgz 65ms
100 silly pacote range manifest for to-regex-range@^5.0.1 fetched in 141ms
101 silly resolveWithNewModule to-regex-range@5.0.1 checking installable status
102 http fetch GET 200 https://registry.npmjs.org/is-number 50ms
103 http fetch GET 200 https://registry.npmjs.org/is-number/-/is-number-7.0.0.tgz 46ms
104 silly pacote range manifest for is-number@^7.0.0 fetched in 100ms
105 silly resolveWithNewModule is-number@7.0.0 checking installable status
106 http fetch GET 200 https://registry.npmjs.org/is-extglob 57ms
107 http fetch GET 200 https://registry.npmjs.org/is-extglob/-/is-extglob-2.1.1.tgz 55ms
108 silly pacote range manifest for is-extglob@^2.1.1 fetched in 117ms
109 silly resolveWithNewModule is-extglob@2.1.1 checking installable status
110 http fetch GET 200 https://registry.npmjs.org/binary-extensions 62ms
111 http fetch GET 200 https://registry.npmjs.org/binary-extensions/-/binary-extensions-2.2.0.tgz 54ms
112 silly pacote range manifest for binary-extensions@^2.0.0 fetched in 121ms
113 silly resolveWithNewModule binary-extensions@2.2.0 checking installable status
114 http fetch GET 200 https://registry.npmjs.org/ms 54ms
115 http fetch GET 200 https://registry.npmjs.org/ms/-/ms-2.1.3.tgz 51ms
116 silly pacote range manifest for ms@^2.1.1 fetched in 110ms
117 silly resolveWithNewModule ms@2.1.3 checking installable status
118 http fetch GET 200 https://registry.npmjs.org/brace-expansion 58ms
119 http fetch GET 200 https://registry.npmjs.org/brace-expansion/-/brace-expansion-1.1.11.tgz 54ms
120 silly pacote range manifest for brace-expansion@^1.1.7 fetched in 118ms
121 silly resolveWithNewModule brace-expansion@1.1.11 checking installable status
122 http fetch GET 200 https://registry.npmjs.org/balanced-match 52ms
123 http fetch GET 200 https://registry.npmjs.org/concat-map 74ms
124 http fetch GET 200 https://registry.npmjs.org/balanced-match/-/balanced-match-1.0.2.tgz 53ms
125 silly pacote range manifest for balanced-match@^1.0.0 fetched in 109ms
126 silly resolveWithNewModule balanced-match@1.0.2 checking installable status
127 http fetch GET 200 https://registry.npmjs.org/concat-map/-/concat-map-0.0.1.tgz 74ms
128 silly pacote version manifest for concat-map@0.0.1 fetched in 154ms
129 silly resolveWithNewModule concat-map@0.0.1 checking installable status
130 http fetch GET 200 https://registry.npmjs.org/has-flag 65ms
131 http fetch GET 200 https://registry.npmjs.org/has-flag/-/has-flag-3.0.0.tgz 53ms
132 silly pacote range manifest for has-flag@^3.0.0 fetched in 123ms
133 silly resolveWithNewModule has-flag@3.0.0 checking installable status
134 http fetch GET 200 https://registry.npmjs.org/nopt 47ms
135 http fetch GET 200 https://registry.npmjs.org/nopt/-/nopt-1.0.10.tgz 54ms
136 silly pacote range manifest for nopt@~1.0.10 fetched in 105ms
137 silly resolveWithNewModule nopt@1.0.10 checking installable status
138 http fetch GET 200 https://registry.npmjs.org/abbrev 80ms
139 http fetch GET 200 https://registry.npmjs.org/abbrev/-/abbrev-1.1.1.tgz 43ms
140 silly pacote range manifest for abbrev@1 fetched in 127ms
141 silly resolveWithNewModule abbrev@1.1.1 checking installable status
142 http fetch GET 200 https://registry.npmjs.org/debug/-/debug-2.6.9.tgz 5ms (from cache)
143 silly pacote range manifest for debug@^2.2.0 fetched in 9ms
144 silly resolveWithNewModule debug@2.6.9 checking installable status
145 silly pacote version manifest for ms@2.0.0 fetched in 1ms
146 silly resolveWithNewModule ms@2.0.0 checking installable status
147 http fetch GET 200 https://registry.npmjs.org/boxen 68ms
148 http fetch GET 200 https://registry.npmjs.org/import-lazy 67ms
149 http fetch GET 200 https://registry.npmjs.org/is-ci 70ms
150 http fetch GET 200 https://registry.npmjs.org/is-installed-globally 74ms
151 http fetch GET 200 https://registry.npmjs.org/has-yarn 75ms
152 http fetch GET 200 https://registry.npmjs.org/is-yarn-global 74ms
153 http fetch GET 200 https://registry.npmjs.org/chalk 77ms
154 http fetch GET 200 https://registry.npmjs.org/is-npm 77ms
155 http fetch GET 200 https://registry.npmjs.org/configstore 83ms
156 http fetch GET 200 https://registry.npmjs.org/latest-version 83ms
157 http fetch GET 200 https://registry.npmjs.org/boxen/-/boxen-5.1.2.tgz 50ms
158 silly pacote range manifest for boxen@^5.0.0 fetched in 142ms
159 silly resolveWithNewModule boxen@5.1.2 checking installable status
160 http fetch GET 200 https://registry.npmjs.org/is-npm/-/is-npm-5.0.0.tgz 61ms
161 http fetch GET 200 https://registry.npmjs.org/is-installed-globally/-/is-installed-globally-0.4.0.tgz 67ms
162 http fetch GET 200 https://registry.npmjs.org/is-yarn-global/-/is-yarn-global-0.3.0.tgz 65ms
163 http fetch GET 200 https://registry.npmjs.org/is-ci/-/is-ci-2.0.0.tgz 72ms
164 http fetch GET 200 https://registry.npmjs.org/configstore/-/configstore-5.0.1.tgz 63ms
165 http fetch GET 200 https://registry.npmjs.org/has-yarn/-/has-yarn-2.1.0.tgz 69ms
166 http fetch GET 200 https://registry.npmjs.org/import-lazy/-/import-lazy-2.1.0.tgz 75ms
167 http fetch GET 200 https://registry.npmjs.org/chalk/-/chalk-4.1.2.tgz 68ms
168 http fetch GET 200 https://registry.npmjs.org/latest-version/-/latest-version-5.1.0.tgz 63ms
169 silly pacote range manifest for is-npm@^5.0.0 fetched in 149ms
170 silly resolveWithNewModule is-npm@5.0.0 checking installable status
171 silly pacote range manifest for is-yarn-global@^0.3.0 fetched in 152ms
172 silly resolveWithNewModule is-yarn-global@0.3.0 checking installable status
173 silly pacote range manifest for is-ci@^2.0.0 fetched in 154ms
174 silly resolveWithNewModule is-ci@2.0.0 checking installable status
175 silly pacote range manifest for is-installed-globally@^0.4.0 fetched in 155ms
176 silly resolveWithNewModule is-installed-globally@0.4.0 checking installable status
177 silly pacote range manifest for configstore@^5.0.1 fetched in 156ms
178 silly resolveWithNewModule configstore@5.0.1 checking installable status
179 silly pacote range manifest for has-yarn@^2.1.0 fetched in 158ms
180 silly resolveWithNewModule has-yarn@2.1.0 checking installable status
181 silly pacote range manifest for chalk@^4.1.0 fetched in 158ms
182 silly resolveWithNewModule chalk@4.1.2 checking installable status
183 silly pacote range manifest for import-lazy@^2.1.0 fetched in 158ms
184 silly resolveWithNewModule import-lazy@2.1.0 checking installable status
185 silly pacote range manifest for latest-version@^5.1.0 fetched in 157ms
186 silly resolveWithNewModule latest-version@5.1.0 checking installable status
187 http fetch GET 200 https://registry.npmjs.org/pupa 49ms
188 http fetch GET 200 https://registry.npmjs.org/semver-diff 57ms
189 http fetch GET 200 https://registry.npmjs.org/semver/-/semver-7.3.5.tgz 60ms
190 http fetch GET 200 https://registry.npmjs.org/xdg-basedir 60ms
191 silly pacote range manifest for semver@^7.3.4 fetched in 66ms
192 silly resolveWithNewModule semver@7.3.5 checking installable status
193 http fetch GET 200 https://registry.npmjs.org/pupa/-/pupa-2.1.1.tgz 63ms
194 silly pacote range manifest for pupa@^2.1.1 fetched in 119ms
195 silly resolveWithNewModule pupa@2.1.1 checking installable status
196 http fetch GET 200 https://registry.npmjs.org/semver-diff/-/semver-diff-3.1.1.tgz 49ms
197 silly pacote range manifest for semver-diff@^3.1.1 fetched in 111ms
198 silly resolveWithNewModule semver-diff@3.1.1 checking installable status
199 http fetch GET 200 https://registry.npmjs.org/xdg-basedir/-/xdg-basedir-4.0.0.tgz 49ms
200 silly pacote range manifest for xdg-basedir@^4.0.0 fetched in 112ms
201 silly resolveWithNewModule xdg-basedir@4.0.0 checking installable status
202 http fetch GET 200 https://registry.npmjs.org/ansi-align 57ms
203 http fetch GET 200 https://registry.npmjs.org/string-width 62ms
204 http fetch GET 200 https://registry.npmjs.org/widest-line 62ms
205 http fetch GET 200 https://registry.npmjs.org/cli-boxes 68ms
206 http fetch GET 200 https://registry.npmjs.org/camelcase 69ms
207 http fetch GET 200 https://registry.npmjs.org/type-fest 71ms
208 http fetch GET 200 https://registry.npmjs.org/wrap-ansi 70ms
209 http fetch GET 200 https://registry.npmjs.org/ansi-align/-/ansi-align-3.0.1.tgz 59ms
210 http fetch GET 200 https://registry.npmjs.org/widest-line/-/widest-line-3.1.0.tgz 58ms
211 http fetch GET 200 https://registry.npmjs.org/cli-boxes/-/cli-boxes-2.2.1.tgz 56ms
212 silly pacote range manifest for ansi-align@^3.0.0 fetched in 135ms
213 silly resolveWithNewModule ansi-align@3.0.1 checking installable status
214 http fetch GET 200 https://registry.npmjs.org/camelcase/-/camelcase-6.2.0.tgz 64ms
215 silly pacote range manifest for widest-line@^3.1.0 fetched in 137ms
216 silly resolveWithNewModule widest-line@3.1.0 checking installable status
217 http fetch GET 200 https://registry.npmjs.org/wrap-ansi/-/wrap-ansi-7.0.0.tgz 64ms
218 http fetch GET 200 https://registry.npmjs.org/string-width/-/string-width-4.2.3.tgz 74ms
219 silly pacote range manifest for cli-boxes@^2.2.1 fetched in 138ms
220 silly resolveWithNewModule cli-boxes@2.2.1 checking installable status
221 http fetch GET 200 https://registry.npmjs.org/type-fest/-/type-fest-0.20.2.tgz 65ms
222 silly pacote range manifest for camelcase@^6.2.0 fetched in 141ms
223 silly resolveWithNewModule camelcase@6.2.0 checking installable status
224 silly pacote range manifest for string-width@^4.2.2 fetched in 141ms
225 silly resolveWithNewModule string-width@4.2.3 checking installable status
226 silly pacote range manifest for wrap-ansi@^7.0.0 fetched in 141ms
227 silly resolveWithNewModule wrap-ansi@7.0.0 checking installable status
228 silly pacote range manifest for type-fest@^0.20.2 fetched in 142ms
229 silly resolveWithNewModule type-fest@0.20.2 checking installable status
230 http fetch GET 200 https://registry.npmjs.org/emoji-regex 50ms
231 http fetch GET 200 https://registry.npmjs.org/is-fullwidth-code-point 55ms
232 http fetch GET 200 https://registry.npmjs.org/strip-ansi 78ms
233 http fetch GET 200 https://registry.npmjs.org/is-fullwidth-code-point/-/is-fullwidth-code-point-3.0.0.tgz 56ms
234 silly pacote range manifest for is-fullwidth-code-point@^3.0.0 fetched in 116ms
235 silly resolveWithNewModule is-fullwidth-code-point@3.0.0 checking installable status
236 http fetch GET 200 https://registry.npmjs.org/emoji-regex/-/emoji-regex-8.0.0.tgz 65ms
237 silly pacote range manifest for emoji-regex@^8.0.0 fetched in 120ms
238 silly resolveWithNewModule emoji-regex@8.0.0 checking installable status
239 http fetch GET 200 https://registry.npmjs.org/strip-ansi/-/strip-ansi-6.0.1.tgz 61ms
240 silly pacote range manifest for strip-ansi@^6.0.1 fetched in 145ms
241 silly resolveWithNewModule strip-ansi@6.0.1 checking installable status
242 http fetch GET 200 https://registry.npmjs.org/ansi-regex 46ms
243 http fetch GET 200 https://registry.npmjs.org/ansi-regex/-/ansi-regex-5.0.1.tgz 48ms
244 silly pacote range manifest for ansi-regex@^5.0.1 fetched in 99ms
245 silly resolveWithNewModule ansi-regex@5.0.1 checking installable status
246 http fetch GET 200 https://registry.npmjs.org/ansi-styles 49ms
247 http fetch GET 200 https://registry.npmjs.org/supports-color/-/supports-color-7.2.0.tgz 62ms
248 silly pacote range manifest for supports-color@^7.1.0 fetched in 66ms
249 silly resolveWithNewModule supports-color@7.2.0 checking installable status
250 http fetch GET 200 https://registry.npmjs.org/ansi-styles/-/ansi-styles-4.3.0.tgz 57ms
251 silly pacote range manifest for ansi-styles@^4.1.0 fetched in 111ms
252 silly resolveWithNewModule ansi-styles@4.3.0 checking installable status
253 http fetch GET 200 https://registry.npmjs.org/color-convert 49ms
254 http fetch GET 200 https://registry.npmjs.org/color-convert/-/color-convert-2.0.1.tgz 57ms
255 silly pacote range manifest for color-convert@^2.0.1 fetched in 109ms
256 silly resolveWithNewModule color-convert@2.0.1 checking installable status
257 http fetch GET 200 https://registry.npmjs.org/color-name 307ms
258 http fetch GET 200 https://registry.npmjs.org/color-name/-/color-name-1.1.4.tgz 51ms
259 silly pacote range manifest for color-name@~1.1.4 fetched in 361ms
260 silly resolveWithNewModule color-name@1.1.4 checking installable status
261 http fetch GET 200 https://registry.npmjs.org/has-flag/-/has-flag-4.0.0.tgz 56ms
262 silly pacote range manifest for has-flag@^4.0.0 fetched in 60ms
263 silly resolveWithNewModule has-flag@4.0.0 checking installable status
264 http fetch GET 200 https://registry.npmjs.org/dot-prop 60ms
265 http fetch GET 200 https://registry.npmjs.org/unique-string 63ms
266 http fetch GET 200 https://registry.npmjs.org/make-dir 63ms
267 http fetch GET 200 https://registry.npmjs.org/graceful-fs 65ms
268 http fetch GET 200 https://registry.npmjs.org/write-file-atomic 66ms
269 http fetch GET 200 https://registry.npmjs.org/dot-prop/-/dot-prop-5.3.0.tgz 60ms
270 http fetch GET 200 https://registry.npmjs.org/unique-string/-/unique-string-2.0.0.tgz 56ms
271 http fetch GET 200 https://registry.npmjs.org/write-file-atomic/-/write-file-atomic-3.0.3.tgz 57ms
272 silly pacote range manifest for dot-prop@^5.2.0 fetched in 131ms
273 silly resolveWithNewModule dot-prop@5.3.0 checking installable status
274 silly pacote range manifest for unique-string@^2.0.0 fetched in 131ms
275 silly resolveWithNewModule unique-string@2.0.0 checking installable status
276 silly pacote range manifest for write-file-atomic@^3.0.0 fetched in 131ms
277 silly resolveWithNewModule write-file-atomic@3.0.3 checking installable status
278 http fetch GET 200 https://registry.npmjs.org/make-dir/-/make-dir-3.1.0.tgz 66ms
279 http fetch GET 200 https://registry.npmjs.org/graceful-fs/-/graceful-fs-4.2.8.tgz 67ms
280 silly pacote range manifest for make-dir@^3.0.0 fetched in 135ms
281 silly resolveWithNewModule make-dir@3.1.0 checking installable status
282 silly pacote range manifest for graceful-fs@^4.1.2 fetched in 137ms
283 silly resolveWithNewModule graceful-fs@4.2.8 checking installable status
284 http fetch GET 200 https://registry.npmjs.org/is-obj 48ms
285 http fetch GET 200 https://registry.npmjs.org/is-obj/-/is-obj-2.0.0.tgz 63ms
286 silly pacote range manifest for is-obj@^2.0.0 fetched in 117ms
287 silly resolveWithNewModule is-obj@2.0.0 checking installable status
288 http fetch GET 200 https://registry.npmjs.org/semver/-/semver-6.3.0.tgz 51ms
289 silly pacote range manifest for semver@^6.0.0 fetched in 56ms
290 silly resolveWithNewModule semver@6.3.0 checking installable status
291 http fetch GET 200 https://registry.npmjs.org/crypto-random-string 53ms
292 http fetch GET 200 https://registry.npmjs.org/crypto-random-string/-/crypto-random-string-2.0.0.tgz 49ms
293 silly pacote range manifest for crypto-random-string@^2.0.0 fetched in 107ms
294 silly resolveWithNewModule crypto-random-string@2.0.0 checking installable status
295 http fetch GET 200 https://registry.npmjs.org/signal-exit 53ms
296 http fetch GET 200 https://registry.npmjs.org/is-typedarray 56ms
297 http fetch GET 200 https://registry.npmjs.org/imurmurhash 70ms
298 http fetch GET 200 https://registry.npmjs.org/typedarray-to-buffer 71ms
299 http fetch GET 200 https://registry.npmjs.org/signal-exit/-/signal-exit-3.0.5.tgz 49ms
300 silly pacote range manifest for signal-exit@^3.0.2 fetched in 107ms
301 silly resolveWithNewModule signal-exit@3.0.5 checking installable status
302 http fetch GET 200 https://registry.npmjs.org/is-typedarray/-/is-typedarray-1.0.0.tgz 52ms
303 silly pacote range manifest for is-typedarray@^1.0.0 fetched in 111ms
304 silly resolveWithNewModule is-typedarray@1.0.0 checking installable status
305 http fetch GET 200 https://registry.npmjs.org/typedarray-to-buffer/-/typedarray-to-buffer-3.1.5.tgz 41ms
306 silly pacote range manifest for typedarray-to-buffer@^3.1.5 fetched in 115ms
307 silly resolveWithNewModule typedarray-to-buffer@3.1.5 checking installable status
308 http fetch GET 200 https://registry.npmjs.org/imurmurhash/-/imurmurhash-0.1.4.tgz 52ms
309 silly pacote range manifest for imurmurhash@^0.1.4 fetched in 125ms
310 silly resolveWithNewModule imurmurhash@0.1.4 checking installable status
311 http fetch GET 200 https://registry.npmjs.org/ci-info 45ms
312 http fetch GET 200 https://registry.npmjs.org/ci-info/-/ci-info-2.0.0.tgz 63ms
313 silly pacote range manifest for ci-info@^2.0.0 fetched in 112ms
314 silly resolveWithNewModule ci-info@2.0.0 checking installable status
315 http fetch GET 200 https://registry.npmjs.org/is-path-inside 55ms
316 http fetch GET 200 https://registry.npmjs.org/global-dirs 65ms
317 http fetch GET 200 https://registry.npmjs.org/is-path-inside/-/is-path-inside-3.0.3.tgz 53ms
318 silly pacote range manifest for is-path-inside@^3.0.2 fetched in 112ms
319 silly resolveWithNewModule is-path-inside@3.0.3 checking installable status
320 http fetch GET 200 https://registry.npmjs.org/global-dirs/-/global-dirs-3.0.0.tgz 51ms
321 silly pacote range manifest for global-dirs@^3.0.0 fetched in 118ms
322 silly resolveWithNewModule global-dirs@3.0.0 checking installable status
323 http fetch GET 200 https://registry.npmjs.org/ini 47ms
324 http fetch GET 200 https://registry.npmjs.org/ini/-/ini-2.0.0.tgz 66ms
325 silly pacote version manifest for ini@2.0.0 fetched in 116ms
326 silly resolveWithNewModule ini@2.0.0 checking installable status
327 http fetch GET 200 https://registry.npmjs.org/package-json 49ms
328 http fetch GET 200 https://registry.npmjs.org/package-json/-/package-json-6.5.0.tgz 51ms
329 silly pacote range manifest for package-json@^6.3.0 fetched in 103ms
330 silly resolveWithNewModule package-json@6.5.0 checking installable status
331 silly pacote range manifest for semver@^6.2.0 fetched in 3ms
332 silly resolveWithNewModule semver@6.3.0 checking installable status
333 http fetch GET 200 https://registry.npmjs.org/registry-url 55ms
334 http fetch GET 200 https://registry.npmjs.org/registry-auth-token 58ms
335 http fetch GET 200 https://registry.npmjs.org/got 60ms
336 http fetch GET 200 https://registry.npmjs.org/registry-auth-token/-/registry-auth-token-4.2.1.tgz 62ms
337 http fetch GET 200 https://registry.npmjs.org/registry-url/-/registry-url-5.1.0.tgz 65ms
338 http fetch GET 200 https://registry.npmjs.org/got/-/got-9.6.0.tgz 59ms
339 silly pacote range manifest for registry-auth-token@^4.0.0 fetched in 125ms
340 silly resolveWithNewModule registry-auth-token@4.2.1 checking installable status
341 silly pacote range manifest for got@^9.6.0 fetched in 127ms
342 silly resolveWithNewModule got@9.6.0 checking installable status
343 silly pacote range manifest for registry-url@^5.0.0 fetched in 126ms
344 silly resolveWithNewModule registry-url@5.1.0 checking installable status
345 http fetch GET 200 https://registry.npmjs.org/mimic-response 49ms
346 http fetch GET 200 https://registry.npmjs.org/to-readable-stream 49ms
347 http fetch GET 200 https://registry.npmjs.org/p-cancelable 63ms
348 http fetch GET 200 https://registry.npmjs.org/duplexer3 65ms
349 http fetch GET 200 https://registry.npmjs.org/lowercase-keys 65ms
350 http fetch GET 200 https://registry.npmjs.org/get-stream 66ms
351 http fetch GET 200 https://registry.npmjs.org/decompress-response 68ms
352 http fetch GET 200 https://registry.npmjs.org/cacheable-request 69ms
353 http fetch GET 200 https://registry.npmjs.org/@sindresorhus%2fis 79ms
354 http fetch GET 200 https://registry.npmjs.org/mimic-response/-/mimic-response-1.0.1.tgz 68ms
355 http fetch GET 200 https://registry.npmjs.org/to-readable-stream/-/to-readable-stream-1.0.0.tgz 68ms
356 http fetch GET 200 https://registry.npmjs.org/@szmarczak%2fhttp-timer 127ms
357 http fetch GET 200 https://registry.npmjs.org/p-cancelable/-/p-cancelable-1.1.0.tgz 62ms
358 http fetch GET 200 https://registry.npmjs.org/duplexer3/-/duplexer3-0.1.4.tgz 62ms
359 http fetch GET 200 https://registry.npmjs.org/lowercase-keys/-/lowercase-keys-1.0.1.tgz 61ms
360 http fetch GET 200 https://registry.npmjs.org/get-stream/-/get-stream-4.1.0.tgz 61ms
361 http fetch GET 200 https://registry.npmjs.org/cacheable-request/-/cacheable-request-6.1.0.tgz 60ms
362 http fetch GET 200 https://registry.npmjs.org/decompress-response/-/decompress-response-3.3.0.tgz 60ms
363 silly pacote range manifest for mimic-response@^1.0.1 fetched in 133ms
364 silly resolveWithNewModule mimic-response@1.0.1 checking installable status
365 silly pacote range manifest for to-readable-stream@^1.0.0 fetched in 135ms
366 silly resolveWithNewModule to-readable-stream@1.0.0 checking installable status
367 silly pacote range manifest for p-cancelable@^1.0.0 fetched in 138ms
368 silly resolveWithNewModule p-cancelable@1.1.0 checking installable status
369 silly pacote range manifest for lowercase-keys@^1.0.1 fetched in 138ms
370 silly resolveWithNewModule lowercase-keys@1.0.1 checking installable status
371 silly pacote range manifest for cacheable-request@^6.0.0 fetched in 140ms
372 silly resolveWithNewModule cacheable-request@6.1.0 checking installable status
373 silly pacote range manifest for get-stream@^4.1.0 fetched in 140ms
374 silly resolveWithNewModule get-stream@4.1.0 checking installable status
375 silly pacote range manifest for decompress-response@^3.3.0 fetched in 140ms
376 silly resolveWithNewModule decompress-response@3.3.0 checking installable status
377 silly pacote range manifest for duplexer3@^0.1.4 fetched in 141ms
378 silly resolveWithNewModule duplexer3@0.1.4 checking installable status
379 http fetch GET 200 https://registry.npmjs.org/@sindresorhus/is/-/is-0.14.0.tgz 68ms
380 silly pacote range manifest for @sindresorhus/is@^0.14.0 fetched in 149ms
381 silly resolveWithNewModule @sindresorhus/is@0.14.0 checking installable status
382 http fetch GET 200 https://registry.npmjs.org/url-parse-lax 51ms
383 http fetch GET 200 https://registry.npmjs.org/@szmarczak/http-timer/-/http-timer-1.1.2.tgz 67ms
384 silly pacote range manifest for @szmarczak/http-timer@^1.1.2 fetched in 198ms
385 silly resolveWithNewModule @szmarczak/http-timer@1.1.2 checking installable status
386 http fetch GET 200 https://registry.npmjs.org/url-parse-lax/-/url-parse-lax-3.0.0.tgz 41ms
387 silly pacote range manifest for url-parse-lax@^3.0.0 fetched in 96ms
388 silly resolveWithNewModule url-parse-lax@3.0.0 checking installable status
389 http fetch GET 200 https://registry.npmjs.org/defer-to-connect 51ms
390 http fetch GET 200 https://registry.npmjs.org/defer-to-connect/-/defer-to-connect-1.1.3.tgz 58ms
391 silly pacote range manifest for defer-to-connect@^1.0.1 fetched in 114ms
392 silly resolveWithNewModule defer-to-connect@1.1.3 checking installable status
393 http fetch GET 200 https://registry.npmjs.org/clone-response 49ms
394 http fetch GET 200 https://registry.npmjs.org/keyv 58ms
395 http fetch GET 200 https://registry.npmjs.org/normalize-url 59ms
396 http fetch GET 200 https://registry.npmjs.org/http-cache-semantics 59ms
397 http fetch GET 200 https://registry.npmjs.org/responselike 59ms
398 http fetch GET 200 https://registry.npmjs.org/get-stream/-/get-stream-5.2.0.tgz 69ms
399 silly pacote range manifest for get-stream@^5.1.0 fetched in 74ms
400 silly resolveWithNewModule get-stream@5.2.0 checking installable status
401 http fetch GET 200 https://registry.npmjs.org/lowercase-keys/-/lowercase-keys-2.0.0.tgz 95ms
402 silly pacote range manifest for lowercase-keys@^2.0.0 fetched in 104ms
403 silly resolveWithNewModule lowercase-keys@2.0.0 checking installable status
404 http fetch GET 200 https://registry.npmjs.org/http-cache-semantics/-/http-cache-semantics-4.1.0.tgz 58ms
405 http fetch GET 200 https://registry.npmjs.org/clone-response/-/clone-response-1.0.2.tgz 72ms
406 http fetch GET 200 https://registry.npmjs.org/responselike/-/responselike-1.0.2.tgz 58ms
407 http fetch GET 200 https://registry.npmjs.org/normalize-url/-/normalize-url-4.5.1.tgz 60ms
408 http fetch GET 200 https://registry.npmjs.org/keyv/-/keyv-3.1.0.tgz 61ms
409 silly pacote range manifest for http-cache-semantics@^4.0.0 fetched in 124ms
410 silly resolveWithNewModule http-cache-semantics@4.1.0 checking installable status
411 silly pacote range manifest for responselike@^1.0.2 fetched in 125ms
412 silly resolveWithNewModule responselike@1.0.2 checking installable status
413 silly pacote range manifest for clone-response@^1.0.2 fetched in 126ms
414 silly resolveWithNewModule clone-response@1.0.2 checking installable status
415 silly pacote range manifest for normalize-url@^4.1.0 fetched in 125ms
416 silly resolveWithNewModule normalize-url@4.5.1 checking installable status
417 silly pacote range manifest for keyv@^3.0.0 fetched in 126ms
418 silly resolveWithNewModule keyv@3.1.0 checking installable status
419 http fetch GET 200 https://registry.npmjs.org/pump 49ms
420 http fetch GET 200 https://registry.npmjs.org/pump/-/pump-3.0.0.tgz 42ms
421 silly pacote range manifest for pump@^3.0.0 fetched in 95ms
422 silly resolveWithNewModule pump@3.0.0 checking installable status
423 http fetch GET 200 https://registry.npmjs.org/once 66ms
424 http fetch GET 200 https://registry.npmjs.org/once/-/once-1.4.0.tgz 51ms
425 silly pacote range manifest for once@^1.3.1 fetched in 120ms
426 silly resolveWithNewModule once@1.4.0 checking installable status
427 http fetch GET 200 https://registry.npmjs.org/end-of-stream 140ms
428 http fetch GET 200 https://registry.npmjs.org/end-of-stream/-/end-of-stream-1.4.4.tgz 45ms
429 silly pacote range manifest for end-of-stream@^1.1.0 fetched in 188ms
430 silly resolveWithNewModule end-of-stream@1.4.4 checking installable status
431 http fetch GET 200 https://registry.npmjs.org/wrappy 53ms
432 http fetch GET 200 https://registry.npmjs.org/wrappy/-/wrappy-1.0.2.tgz 58ms
433 silly pacote range manifest for wrappy@1 fetched in 115ms
434 silly resolveWithNewModule wrappy@1.0.2 checking installable status
435 http fetch GET 200 https://registry.npmjs.org/json-buffer 54ms
436 http fetch GET 200 https://registry.npmjs.org/json-buffer/-/json-buffer-3.0.0.tgz 50ms
437 silly pacote version manifest for json-buffer@3.0.0 fetched in 109ms
438 silly resolveWithNewModule json-buffer@3.0.0 checking installable status
439 http fetch GET 200 https://registry.npmjs.org/prepend-http 59ms
440 http fetch GET 200 https://registry.npmjs.org/prepend-http/-/prepend-http-2.0.0.tgz 49ms
441 silly pacote range manifest for prepend-http@^2.0.0 fetched in 111ms
442 silly resolveWithNewModule prepend-http@2.0.0 checking installable status
443 http fetch GET 200 https://registry.npmjs.org/rc 64ms
444 http fetch GET 200 https://registry.npmjs.org/rc/-/rc-1.2.8.tgz 58ms
445 silly pacote range manifest for rc@^1.2.8 fetched in 125ms
446 silly resolveWithNewModule rc@1.2.8 checking installable status
447 http fetch GET 200 https://registry.npmjs.org/strip-json-comments 99ms
448 http fetch GET 200 https://registry.npmjs.org/ini/-/ini-1.3.8.tgz 98ms
449 http fetch GET 200 https://registry.npmjs.org/minimist 101ms
450 http fetch GET 200 https://registry.npmjs.org/deep-extend 102ms
451 silly pacote range manifest for ini@~1.3.0 fetched in 107ms
452 silly resolveWithNewModule ini@1.3.8 checking installable status
453 http fetch GET 200 https://registry.npmjs.org/minimist/-/minimist-1.2.5.tgz 54ms
454 http fetch GET 200 https://registry.npmjs.org/deep-extend/-/deep-extend-0.6.0.tgz 56ms
455 http fetch GET 200 https://registry.npmjs.org/strip-json-comments/-/strip-json-comments-2.0.1.tgz 58ms
456 silly pacote range manifest for minimist@^1.2.0 fetched in 162ms
457 silly resolveWithNewModule minimist@1.2.5 checking installable status
458 silly pacote range manifest for deep-extend@^0.6.0 fetched in 163ms
459 silly resolveWithNewModule deep-extend@0.6.0 checking installable status
460 silly pacote range manifest for strip-json-comments@~2.0.1 fetched in 163ms
461 silly resolveWithNewModule strip-json-comments@2.0.1 checking installable status
462 http fetch GET 200 https://registry.npmjs.org/escape-goat 56ms
463 http fetch GET 200 https://registry.npmjs.org/escape-goat/-/escape-goat-2.1.1.tgz 52ms
464 silly pacote range manifest for escape-goat@^2.0.0 fetched in 112ms
465 silly resolveWithNewModule escape-goat@2.1.1 checking installable status
466 http fetch GET 200 https://registry.npmjs.org/lru-cache 85ms
467 http fetch GET 200 https://registry.npmjs.org/lru-cache/-/lru-cache-6.0.0.tgz 56ms
468 silly pacote range manifest for lru-cache@^6.0.0 fetched in 147ms
469 silly resolveWithNewModule lru-cache@6.0.0 checking installable status
470 http fetch GET 200 https://registry.npmjs.org/yallist 44ms
471 http fetch GET 200 https://registry.npmjs.org/yallist/-/yallist-4.0.0.tgz 63ms
472 silly pacote range manifest for yallist@^4.0.0 fetched in 111ms
473 silly resolveWithNewModule yallist@4.0.0 checking installable status
474 silly pacote range manifest for semver@^6.3.0 fetched in 1ms
475 silly resolveWithNewModule semver@6.3.0 checking installable status
476 timing stage:loadIdealTree:loadAllDepsIntoIdealTree Completed in 7046ms
477 timing stage:loadIdealTree Completed in 7076ms
478 silly currentTree lib
479 silly idealTree lib
479 silly idealTree └─┬ nodemon@2.0.13
479 silly idealTree   ├── @sindresorhus/is@0.14.0
479 silly idealTree   ├── @szmarczak/http-timer@1.1.2
479 silly idealTree   ├── abbrev@1.1.1
479 silly idealTree   ├── ansi-align@3.0.1
479 silly idealTree   ├── ansi-regex@5.0.1
479 silly idealTree   ├── ansi-styles@4.3.0
479 silly idealTree   ├── anymatch@3.1.2
479 silly idealTree   ├── balanced-match@1.0.2
479 silly idealTree   ├── binary-extensions@2.2.0
479 silly idealTree   ├── boxen@5.1.2
479 silly idealTree   ├── brace-expansion@1.1.11
479 silly idealTree   ├── braces@3.0.2
479 silly idealTree   ├─┬ cacheable-request@6.1.0
479 silly idealTree   │ ├── get-stream@5.2.0
479 silly idealTree   │ └── lowercase-keys@2.0.0
479 silly idealTree   ├── camelcase@6.2.0
479 silly idealTree   ├─┬ chalk@4.1.2
479 silly idealTree   │ ├── has-flag@4.0.0
479 silly idealTree   │ └── supports-color@7.2.0
479 silly idealTree   ├── chokidar@3.5.2
479 silly idealTree   ├── ci-info@2.0.0
479 silly idealTree   ├── cli-boxes@2.2.1
479 silly idealTree   ├── clone-response@1.0.2
479 silly idealTree   ├── color-convert@2.0.1
479 silly idealTree   ├── color-name@1.1.4
479 silly idealTree   ├── concat-map@0.0.1
479 silly idealTree   ├── configstore@5.0.1
479 silly idealTree   ├── crypto-random-string@2.0.0
479 silly idealTree   ├── debug@3.2.7
479 silly idealTree   ├── decompress-response@3.3.0
479 silly idealTree   ├── deep-extend@0.6.0
479 silly idealTree   ├── defer-to-connect@1.1.3
479 silly idealTree   ├── dot-prop@5.3.0
479 silly idealTree   ├── duplexer3@0.1.4
479 silly idealTree   ├── emoji-regex@8.0.0
479 silly idealTree   ├── end-of-stream@1.4.4
479 silly idealTree   ├── escape-goat@2.1.1
479 silly idealTree   ├── fill-range@7.0.1
479 silly idealTree   ├── fsevents@2.3.2
479 silly idealTree   ├── get-stream@4.1.0
479 silly idealTree   ├── glob-parent@5.1.2
479 silly idealTree   ├── global-dirs@3.0.0
479 silly idealTree   ├── got@9.6.0
479 silly idealTree   ├── graceful-fs@4.2.8
479 silly idealTree   ├── has-flag@3.0.0
479 silly idealTree   ├── has-yarn@2.1.0
479 silly idealTree   ├── http-cache-semantics@4.1.0
479 silly idealTree   ├── ignore-by-default@1.0.1
479 silly idealTree   ├── import-lazy@2.1.0
479 silly idealTree   ├── imurmurhash@0.1.4
479 silly idealTree   ├── ini@2.0.0
479 silly idealTree   ├── is-binary-path@2.1.0
479 silly idealTree   ├── is-ci@2.0.0
479 silly idealTree   ├── is-extglob@2.1.1
479 silly idealTree   ├── is-fullwidth-code-point@3.0.0
479 silly idealTree   ├── is-glob@4.0.3
479 silly idealTree   ├── is-installed-globally@0.4.0
479 silly idealTree   ├── is-npm@5.0.0
479 silly idealTree   ├── is-number@7.0.0
479 silly idealTree   ├── is-obj@2.0.0
479 silly idealTree   ├── is-path-inside@3.0.3
479 silly idealTree   ├── is-typedarray@1.0.0
479 silly idealTree   ├── is-yarn-global@0.3.0
479 silly idealTree   ├── json-buffer@3.0.0
479 silly idealTree   ├── keyv@3.1.0
479 silly idealTree   ├── latest-version@5.1.0
479 silly idealTree   ├── lowercase-keys@1.0.1
479 silly idealTree   ├── lru-cache@6.0.0
479 silly idealTree   ├─┬ make-dir@3.1.0
479 silly idealTree   │ └── semver@6.3.0
479 silly idealTree   ├── mimic-response@1.0.1
479 silly idealTree   ├── minimatch@3.0.4
479 silly idealTree   ├── minimist@1.2.5
479 silly idealTree   ├── ms@2.1.3
479 silly idealTree   ├── nopt@1.0.10
479 silly idealTree   ├── normalize-path@3.0.0
479 silly idealTree   ├── normalize-url@4.5.1
479 silly idealTree   ├── once@1.4.0
479 silly idealTree   ├── p-cancelable@1.1.0
479 silly idealTree   ├─┬ package-json@6.5.0
479 silly idealTree   │ └── semver@6.3.0
479 silly idealTree   ├── picomatch@2.3.0
479 silly idealTree   ├── prepend-http@2.0.0
479 silly idealTree   ├── pstree.remy@1.1.8
479 silly idealTree   ├── pump@3.0.0
479 silly idealTree   ├── pupa@2.1.1
479 silly idealTree   ├─┬ rc@1.2.8
479 silly idealTree   │ └── ini@1.3.8
479 silly idealTree   ├── readdirp@3.6.0
479 silly idealTree   ├── registry-auth-token@4.2.1
479 silly idealTree   ├── registry-url@5.1.0
479 silly idealTree   ├── responselike@1.0.2
479 silly idealTree   ├─┬ semver-diff@3.1.1
479 silly idealTree   │ └── semver@6.3.0
479 silly idealTree   ├── semver@5.7.1
479 silly idealTree   ├── signal-exit@3.0.5
479 silly idealTree   ├── string-width@4.2.3
479 silly idealTree   ├── strip-ansi@6.0.1
479 silly idealTree   ├── strip-json-comments@2.0.1
479 silly idealTree   ├── supports-color@5.5.0
479 silly idealTree   ├── to-readable-stream@1.0.0
479 silly idealTree   ├── to-regex-range@5.0.1
479 silly idealTree   ├── touch@3.1.0
479 silly idealTree   ├── type-fest@0.20.2
479 silly idealTree   ├── typedarray-to-buffer@3.1.5
479 silly idealTree   ├─┬ undefsafe@2.0.3
479 silly idealTree   │ ├── debug@2.6.9
479 silly idealTree   │ └── ms@2.0.0
479 silly idealTree   ├── unique-string@2.0.0
479 silly idealTree   ├─┬ update-notifier@5.1.0
479 silly idealTree   │ └── semver@7.3.5
479 silly idealTree   ├── url-parse-lax@3.0.0
479 silly idealTree   ├── widest-line@3.1.0
479 silly idealTree   ├── wrap-ansi@7.0.0
479 silly idealTree   ├── wrappy@1.0.2
479 silly idealTree   ├── write-file-atomic@3.0.3
479 silly idealTree   ├── xdg-basedir@4.0.0
479 silly idealTree   └── yallist@4.0.0
480 silly install generateActionsToTake
481 warn checkPermissions Missing write access to /usr/local/lib/node_modules
482 timing stage:rollbackFailedOptional Completed in 0ms
483 timing stage:runTopLevelLifecycles Completed in 7482ms
484 verbose stack Error: EACCES: permission denied, access '/usr/local/lib/node_modules'
485 verbose cwd /Users/jaredshakespaere
486 verbose Darwin 20.6.0
487 verbose argv "/usr/local/bin/node" "/usr/local/bin/npm" "install" "-g" "nodemon"
488 verbose node v14.17.6
489 verbose npm  v6.14.15
490 error code EACCES
491 error syscall access
492 error path /usr/local/lib/node_modules
493 error errno -13
494 error Error: EACCES: permission denied, access '/usr/local/lib/node_modules'
494 error  [Error: EACCES: permission denied, access '/usr/local/lib/node_modules'] {
494 error   errno: -13,
494 error   code: 'EACCES',
494 error   syscall: 'access',
494 error   path: '/usr/local/lib/node_modules'
494 error }
495 error The operation was rejected by your operating system.
495 error It is likely you do not have the permissions to access this file as the current user
495 error
495 error If you believe this might be a permissions issue, please double-check the
495 error permissions of the file and its containing directories, or try running
495 error the command again as root/Administrator.
496 verbose exit [ -13, true ]
